<?xml version="1.0" encoding="UTF-8"?>
<!-- Generated by org.testng.reporters.JUnitXMLReporter -->
<testsuite ignored="0" hostname="9NWBY93-METO" failures="0" tests="1" name="Default test" time="35.549" errors="0" timestamp="2023-02-16T15:57:17 PET">
  <testcase classname="org.meto.appium.base.TestBase" name="@BeforeClass setup" time="35.506">
    <failure type="org.openqa.selenium.SessionNotCreatedException" message="Could not start a new session. Response code 500. Message: An unknown server-side error occurred while processing the command. Original error: Cannot start the &amp;apos;pe.com.surgir.surgirapp&amp;apos; application. Visit https://github.com/appium/appium/blob/master/docs/en/writing-running-appium/android/activity-startup.md for troubleshooting. Original error: &amp;apos;pe.com.surgir.surgirapp.ui.login.LoginActivity&amp;apos; or &amp;apos;pe.com.surgir.surgirapp.ui.splash.SplashActivity&amp;apos; never started. Visit https://github.com/appium/appium/blob/master/docs/en/writing-running-appium/android/activity-startup.md for troubleshooting 
Host info: host: &amp;apos;9NWBY93-METO&amp;apos;, ip: &amp;apos;192.168.1.37&amp;apos;
Build info: version: &amp;apos;4.8.0&amp;apos;, revision: &amp;apos;267030adea&amp;apos;
System info: os.name: &amp;apos;Windows 10&amp;apos;, os.arch: &amp;apos;amd64&amp;apos;, os.version: &amp;apos;10.0&amp;apos;, java.version: &amp;apos;15.0.2&amp;apos;
Driver info: io.appium.java_client.android.AndroidDriver
Command: [null, newSession {capabilities=[{appium:udid=5200fa184e619579, appium:ignoreHiddenApiPolicyError=true, appium:chromedriverExecutable=C://Users//Praxis//Documents//chromedriver, appium:appWaitActivity=.ui.login.LoginActivity,.ui.splash.SplashActivity, appium:deviceName=samsung SM-T395, platformName=ANDROID, appium:automationName=UIAutomator2, appium:app=C://code//AppiumFrameworkSurgirGroup//src//test//resources//app//Surgir_debug_4.3.0_Release4.3.0.apk}], desiredCapabilities=Capabilities {appium:app: C://code//AppiumFrameworkSu..., appium:appWaitActivity: .ui.login.LoginActivity,.ui..., appium:automationName: UIAutomator2, appium:chromedriverExecutable: C://Users//Praxis//Document..., appium:deviceName: samsung SM-T395, appium:ignoreHiddenApiPolicyError: true, appium:udid: 5200fa184e619579, platformName: ANDROID}}]
Capabilities {}">
      <![CDATA[org.openqa.selenium.SessionNotCreatedException: Could not start a new session. Response code 500. Message: An unknown server-side error occurred while processing the command. Original error: Cannot start the 'pe.com.surgir.surgirapp' application. Visit https://github.com/appium/appium/blob/master/docs/en/writing-running-appium/android/activity-startup.md for troubleshooting. Original error: 'pe.com.surgir.surgirapp.ui.login.LoginActivity' or 'pe.com.surgir.surgirapp.ui.splash.SplashActivity' never started. Visit https://github.com/appium/appium/blob/master/docs/en/writing-running-appium/android/activity-startup.md for troubleshooting 
Host info: host: '9NWBY93-METO', ip: '192.168.1.37'
Build info: version: '4.8.0', revision: '267030adea'
System info: os.name: 'Windows 10', os.arch: 'amd64', os.version: '10.0', java.version: '15.0.2'
Driver info: io.appium.java_client.android.AndroidDriver
Command: [null, newSession {capabilities=[{appium:udid=5200fa184e619579, appium:ignoreHiddenApiPolicyError=true, appium:chromedriverExecutable=C://Users//Praxis//Documents//chromedriver, appium:appWaitActivity=.ui.login.LoginActivity,.ui.splash.SplashActivity, appium:deviceName=samsung SM-T395, platformName=ANDROID, appium:automationName=UIAutomator2, appium:app=C://code//AppiumFrameworkSurgirGroup//src//test//resources//app//Surgir_debug_4.3.0_Release4.3.0.apk}], desiredCapabilities=Capabilities {appium:app: C://code//AppiumFrameworkSu..., appium:appWaitActivity: .ui.login.LoginActivity,.ui..., appium:automationName: UIAutomator2, appium:chromedriverExecutable: C://Users//Praxis//Document..., appium:deviceName: samsung SM-T395, appium:ignoreHiddenApiPolicyError: true, appium:udid: 5200fa184e619579, platformName: ANDROID}}]
Capabilities {}
at org.openqa.selenium.remote.ProtocolHandshake.createSession(ProtocolHandshake.java:148)
at java.base/jdk.internal.reflect.NativeMethodAccessorImpl.invoke0(Native Method)
at java.base/jdk.internal.reflect.NativeMethodAccessorImpl.invoke(NativeMethodAccessorImpl.java:64)
at java.base/jdk.internal.reflect.DelegatingMethodAccessorImpl.invoke(DelegatingMethodAccessorImpl.java:43)
at java.base/java.lang.reflect.Method.invoke(Method.java:564)
at io.appium.java_client.remote.AppiumProtocolHandshake.createSession(AppiumProtocolHandshake.java:133)
at io.appium.java_client.remote.AppiumProtocolHandshake.createSession(AppiumProtocolHandshake.java:102)
at io.appium.java_client.remote.AppiumCommandExecutor.createSession(AppiumCommandExecutor.java:194)
at io.appium.java_client.remote.AppiumCommandExecutor.execute(AppiumCommandExecutor.java:262)
at org.openqa.selenium.remote.RemoteWebDriver.execute(RemoteWebDriver.java:543)
at io.appium.java_client.AppiumDriver.startSession(AppiumDriver.java:229)
at org.openqa.selenium.remote.RemoteWebDriver.<init>(RemoteWebDriver.java:157)
at io.appium.java_client.AppiumDriver.<init>(AppiumDriver.java:80)
at io.appium.java_client.AppiumDriver.<init>(AppiumDriver.java:92)
at io.appium.java_client.android.AndroidDriver.<init>(AndroidDriver.java:117)
at org.meto.appium.base.TestBase.setup(TestBase.java:45)
at java.base/jdk.internal.reflect.NativeMethodAccessorImpl.invoke0(Native Method)
at java.base/jdk.internal.reflect.NativeMethodAccessorImpl.invoke(NativeMethodAccessorImpl.java:64)
at java.base/jdk.internal.reflect.DelegatingMethodAccessorImpl.invoke(DelegatingMethodAccessorImpl.java:43)
at java.base/java.lang.reflect.Method.invoke(Method.java:564)
at org.testng.internal.MethodInvocationHelper.invokeMethod(MethodInvocationHelper.java:133)
at org.testng.internal.MethodInvocationHelper.invokeMethodConsideringTimeout(MethodInvocationHelper.java:62)
at org.testng.internal.ConfigInvoker.invokeConfigurationMethod(ConfigInvoker.java:385)
at org.testng.internal.ConfigInvoker.invokeConfigurations(ConfigInvoker.java:321)
at org.testng.internal.TestMethodWorker.invokeBeforeClassMethods(TestMethodWorker.java:176)
at org.testng.internal.TestMethodWorker.run(TestMethodWorker.java:122)
at java.base/java.util.ArrayList.forEach(ArrayList.java:1511)
at org.testng.TestRunner.privateRun(TestRunner.java:794)
at org.testng.TestRunner.run(TestRunner.java:596)
at org.testng.SuiteRunner.runTest(SuiteRunner.java:377)
at org.testng.SuiteRunner.runSequentially(SuiteRunner.java:371)
at org.testng.SuiteRunner.privateRun(SuiteRunner.java:332)
at org.testng.SuiteRunner.run(SuiteRunner.java:276)
at org.testng.SuiteRunnerWorker.runSuite(SuiteRunnerWorker.java:53)
at org.testng.SuiteRunnerWorker.run(SuiteRunnerWorker.java:96)
at org.testng.TestNG.runSuitesSequentially(TestNG.java:1212)
at org.testng.TestNG.runSuitesLocally(TestNG.java:1134)
at org.testng.TestNG.runSuites(TestNG.java:1063)
at org.testng.TestNG.run(TestNG.java:1031)
at org.testng.remote.AbstractRemoteTestNG.run(AbstractRemoteTestNG.java:115)
at org.testng.remote.RemoteTestNG.initAndRun(RemoteTestNG.java:251)
at org.testng.remote.RemoteTestNG.main(RemoteTestNG.java:77)
]]>
    </failure>
  </testcase> <!-- @BeforeClass setup -->
  <testcase classname="org.meto.appium.base.TestBase" name="@AfterClass teardown" time="-1.67658103711E9">
    <skipped/>
  </testcase> <!-- @AfterClass teardown -->
  <testcase classname="org.meto.appium.tests.TFLogin" name="FormGroup" time="0.0">
    <skipped/>
  </testcase> <!-- FormGroup -->
</testsuite> <!-- Default test -->
