<?xml version="1.0" encoding="UTF-8"?>
<!-- Generated by org.testng.reporters.JUnitXMLReporter -->
<testsuite ignored="0" hostname="PERU-METO" failures="0" tests="1" name="App Manager Prospect Test" time="31.686" errors="0" timestamp="2023-11-27T14:00:41 COT">
  <testcase classname="org.meto.appium.base.TestBase" name="@BeforeClass setup" time="31.664">
    <failure type="org.openqa.selenium.SessionNotCreatedException" message="Could not start a new session. Response code 500. Message: An unknown server-side error occurred while processing the command. Original error: Cannot start the &amp;apos;pe.com.surgir.surgirapp&amp;apos; application. Consider checking the driver&amp;apos;s troubleshooting documentation. Original error: &amp;apos;pe.com.surgir.surgirapp.ui.login.LoginActivity&amp;apos; or &amp;apos;pe.com.surgir.surgirapp.ui.splash.SplashActivity&amp;apos; never started. Consider checking the driver&amp;apos;s troubleshooting documentation. 
Host info: host: &amp;apos;PERU-METO&amp;apos;, ip: &amp;apos;192.168.1.37&amp;apos;
Build info: version: &amp;apos;4.13.0&amp;apos;, revision: &amp;apos;ba948ece5b*&amp;apos;
System info: os.name: &amp;apos;Windows 11&amp;apos;, os.arch: &amp;apos;amd64&amp;apos;, os.version: &amp;apos;10.0&amp;apos;, java.version: &amp;apos;11.0.17&amp;apos;
Driver info: io.appium.java_client.android.AndroidDriver
Command: [null, newSession {capabilities=[{appium:noReset=false, appium:udid=RX2RB00S4HN, appium:ignoreHiddenApiPolicyError=true, appium:chromedriverExecutable=C:\prueba\AppiumFrameworkSurgirGroup2//src//test//resources//driver//chromedriver, appium:appWaitActivity=.ui.login.LoginActivity,.ui.splash.SplashActivity, appium:deviceName=samsung SM-T575, platformName=ANDROID, appium:automationName=UiAutomator2, appium:enableMultiWindows=true, appium:app=C:\prueba\AppiumFrameworkSurgirGroup2//src//test//resources//app//Surgir_debug_6.0.4_listas_negras_otros.apk}], desiredCapabilities=Capabilities {appium:app: C:\prueba\AppiumFrameworkSu..., appium:appWaitActivity: .ui.login.LoginActivity,.ui..., appium:automationName: UiAutomator2, appium:chromedriverExecutable: C:\prueba\AppiumFrameworkSu..., appium:deviceName: samsung SM-T575, appium:enableMultiWindows: true, appium:ignoreHiddenApiPolicyError: true, appium:noReset: false, appium:udid: RX2RB00S4HN, platformName: ANDROID}}]
Capabilities {appium:app: C:\prueba\AppiumFrameworkSu..., appium:appWaitActivity: .ui.login.LoginActivity,.ui..., appium:automationName: UiAutomator2, appium:chromedriverExecutable: C:\prueba\AppiumFrameworkSu..., appium:deviceName: samsung SM-T575, appium:enableMultiWindows: true, appium:ignoreHiddenApiPolicyError: true, appium:noReset: false, appium:udid: RX2RB00S4HN, platformName: ANDROID}">
      <![CDATA[org.openqa.selenium.SessionNotCreatedException: Could not start a new session. Response code 500. Message: An unknown server-side error occurred while processing the command. Original error: Cannot start the 'pe.com.surgir.surgirapp' application. Consider checking the driver's troubleshooting documentation. Original error: 'pe.com.surgir.surgirapp.ui.login.LoginActivity' or 'pe.com.surgir.surgirapp.ui.splash.SplashActivity' never started. Consider checking the driver's troubleshooting documentation. 
Host info: host: 'PERU-METO', ip: '192.168.1.37'
Build info: version: '4.13.0', revision: 'ba948ece5b*'
System info: os.name: 'Windows 11', os.arch: 'amd64', os.version: '10.0', java.version: '11.0.17'
Driver info: io.appium.java_client.android.AndroidDriver
Command: [null, newSession {capabilities=[{appium:noReset=false, appium:udid=RX2RB00S4HN, appium:ignoreHiddenApiPolicyError=true, appium:chromedriverExecutable=C:\prueba\AppiumFrameworkSurgirGroup2//src//test//resources//driver//chromedriver, appium:appWaitActivity=.ui.login.LoginActivity,.ui.splash.SplashActivity, appium:deviceName=samsung SM-T575, platformName=ANDROID, appium:automationName=UiAutomator2, appium:enableMultiWindows=true, appium:app=C:\prueba\AppiumFrameworkSurgirGroup2//src//test//resources//app//Surgir_debug_6.0.4_listas_negras_otros.apk}], desiredCapabilities=Capabilities {appium:app: C:\prueba\AppiumFrameworkSu..., appium:appWaitActivity: .ui.login.LoginActivity,.ui..., appium:automationName: UiAutomator2, appium:chromedriverExecutable: C:\prueba\AppiumFrameworkSu..., appium:deviceName: samsung SM-T575, appium:enableMultiWindows: true, appium:ignoreHiddenApiPolicyError: true, appium:noReset: false, appium:udid: RX2RB00S4HN, platformName: ANDROID}}]
Capabilities {appium:app: C:\prueba\AppiumFrameworkSu..., appium:appWaitActivity: .ui.login.LoginActivity,.ui..., appium:automationName: UiAutomator2, appium:chromedriverExecutable: C:\prueba\AppiumFrameworkSu..., appium:deviceName: samsung SM-T575, appium:enableMultiWindows: true, appium:ignoreHiddenApiPolicyError: true, appium:noReset: false, appium:udid: RX2RB00S4HN, platformName: ANDROID}
at org.openqa.selenium.remote.ProtocolHandshake.createSession(ProtocolHandshake.java:140)
at io.appium.java_client.remote.AppiumProtocolHandshake.createSession(AppiumProtocolHandshake.java:133)
at io.appium.java_client.remote.AppiumProtocolHandshake.createSession(AppiumProtocolHandshake.java:102)
at io.appium.java_client.remote.AppiumCommandExecutor.createSession(AppiumCommandExecutor.java:182)
at io.appium.java_client.remote.AppiumCommandExecutor.execute(AppiumCommandExecutor.java:250)
at org.openqa.selenium.remote.RemoteWebDriver.execute(RemoteWebDriver.java:602)
at io.appium.java_client.AppiumDriver.startSession(AppiumDriver.java:274)
at org.openqa.selenium.remote.RemoteWebDriver.<init>(RemoteWebDriver.java:163)
at io.appium.java_client.AppiumDriver.<init>(AppiumDriver.java:89)
at io.appium.java_client.AppiumDriver.<init>(AppiumDriver.java:101)
at io.appium.java_client.android.AndroidDriver.<init>(AndroidDriver.java:113)
at org.meto.appium.base.TestBase.setup(TestBase.java:56)
at java.base/java.util.ArrayList.forEach(ArrayList.java:1541)
... Removed 29 stack frames]]>
    </failure>
  </testcase> <!-- @BeforeClass setup -->
  <testcase classname="org.meto.appium.tests.TFProspect" name="@BeforeMethod beforeMethod" time="-1.701111641492E9">
    <skipped/>
  </testcase> <!-- @BeforeMethod beforeMethod -->
  <testcase classname="org.meto.appium.base.TestBase" name="@AfterClass teardown" time="-1.701111641503E9">
    <skipped/>
  </testcase> <!-- @AfterClass teardown -->
  <testcase classname="org.meto.appium.tests.TFProspect" name="Prospect" time="0.0">
    <skipped/>
  </testcase> <!-- Prospect -->
</testsuite> <!-- App Manager Prospect Test -->
