<?xml version="1.0" encoding="UTF-8"?>
<!-- Generated by org.testng.reporters.JUnitXMLReporter -->
<testsuite ignored="0" hostname="PERU-METO" failures="0" tests="1" name="Business two Test" time="0.005" errors="0" timestamp="2024-09-09T17:51:39 COT">
  <testcase classname="org.meto.appium.tests.TFBusinesstwo" name="@BeforeMethod beforeMethod" time="-1.72592229979E9">
    <skipped/>
  </testcase> <!-- @BeforeMethod beforeMethod -->
  <testcase classname="org.meto.appium.tests.TFBusinesstwo" name="TestBusinesstwo" time="0.0">
    <skipped/>
  </testcase> <!-- TestBusinesstwo -->
</testsuite> <!-- Business two Test -->
