<?xml version="1.0" encoding="UTF-8"?>
<!-- Generated by org.testng.reporters.JUnitXMLReporter -->
<testsuite ignored="0" hostname="PERU-METO" failures="0" tests="1" name="Contract six Test" time="0.002" errors="0" timestamp="2024-09-09T17:51:40 COT">
  <testcase classname="org.meto.appium.base.TestBase" name="@BeforeSuite setupg" time="1.032">
    <failure type="org.openqa.selenium.SessionNotCreatedException" message="Could not start a new session. Response code 500. Message: An unknown server-side error occurred while processing the command. Original error: Device RX2RC000F1E was not in the list of connected devices 
Host info: host: &amp;apos;PERU-METO&amp;apos;, ip: &amp;apos;192.168.1.37&amp;apos;
Build info: version: &amp;apos;4.24.0&amp;apos;, revision: &amp;apos;748ffc9bc3&amp;apos;
System info: os.name: &amp;apos;Windows 11&amp;apos;, os.arch: &amp;apos;amd64&amp;apos;, os.version: &amp;apos;10.0&amp;apos;, java.version: &amp;apos;11.0.17&amp;apos;
Driver info: io.appium.java_client.android.AndroidDriver
Command: [null, newSession {capabilities=[Capabilities {appium:allowInvisibleElements: true, appium:app: C:\prueba\AppiumFrameworkSu..., appium:appWaitActivity: .ui.login.LoginActivity,.ui..., appium:autoGrantPermissions: true, appium:automationName: UiAutomator2, appium:browserstack.networkLogs: true, appium:chromedriverExecutable: C:\prueba\AppiumFrameworkSu..., appium:deviceName: samsung SM-T575, appium:enableMultiWindows: true, appium:ignoreHiddenApiPolicyError: true, appium:ignoreUnimporttantViews: true, appium:noReset: false, appium:setWaitForIdleTimeout: PT30S, appium:udid: RX2RC000F1E, platformName: ANDROID}]}]
Capabilities {appium:allowInvisibleElements: true, appium:app: C:\prueba\AppiumFrameworkSu..., appium:appWaitActivity: .ui.login.LoginActivity,.ui..., appium:autoGrantPermissions: true, appium:automationName: UiAutomator2, appium:browserstack.networkLogs: true, appium:chromedriverExecutable: C:\prueba\AppiumFrameworkSu..., appium:deviceName: samsung SM-T575, appium:enableMultiWindows: true, appium:ignoreHiddenApiPolicyError: true, appium:ignoreUnimporttantViews: true, appium:noReset: false, appium:setWaitForIdleTimeout: PT30S, appium:udid: RX2RC000F1E, platformName: ANDROID}">
      <![CDATA[org.openqa.selenium.SessionNotCreatedException: Could not start a new session. Response code 500. Message: An unknown server-side error occurred while processing the command. Original error: Device RX2RC000F1E was not in the list of connected devices 
Host info: host: 'PERU-METO', ip: '192.168.1.37'
Build info: version: '4.24.0', revision: '748ffc9bc3'
System info: os.name: 'Windows 11', os.arch: 'amd64', os.version: '10.0', java.version: '11.0.17'
Driver info: io.appium.java_client.android.AndroidDriver
Command: [null, newSession {capabilities=[Capabilities {appium:allowInvisibleElements: true, appium:app: C:\prueba\AppiumFrameworkSu..., appium:appWaitActivity: .ui.login.LoginActivity,.ui..., appium:autoGrantPermissions: true, appium:automationName: UiAutomator2, appium:browserstack.networkLogs: true, appium:chromedriverExecutable: C:\prueba\AppiumFrameworkSu..., appium:deviceName: samsung SM-T575, appium:enableMultiWindows: true, appium:ignoreHiddenApiPolicyError: true, appium:ignoreUnimporttantViews: true, appium:noReset: false, appium:setWaitForIdleTimeout: PT30S, appium:udid: RX2RC000F1E, platformName: ANDROID}]}]
Capabilities {appium:allowInvisibleElements: true, appium:app: C:\prueba\AppiumFrameworkSu..., appium:appWaitActivity: .ui.login.LoginActivity,.ui..., appium:autoGrantPermissions: true, appium:automationName: UiAutomator2, appium:browserstack.networkLogs: true, appium:chromedriverExecutable: C:\prueba\AppiumFrameworkSu..., appium:deviceName: samsung SM-T575, appium:enableMultiWindows: true, appium:ignoreHiddenApiPolicyError: true, appium:ignoreUnimporttantViews: true, appium:noReset: false, appium:setWaitForIdleTimeout: PT30S, appium:udid: RX2RC000F1E, platformName: ANDROID}
at org.openqa.selenium.remote.ProtocolHandshake.createSession(ProtocolHandshake.java:114)
at org.openqa.selenium.remote.ProtocolHandshake.createSession(ProtocolHandshake.java:75)
at org.openqa.selenium.remote.ProtocolHandshake.createSession(ProtocolHandshake.java:61)
at io.appium.java_client.remote.AppiumCommandExecutor.createSession(AppiumCommandExecutor.java:176)
at io.appium.java_client.remote.AppiumCommandExecutor.execute(AppiumCommandExecutor.java:237)
at org.openqa.selenium.remote.RemoteWebDriver.execute(RemoteWebDriver.java:545)
at io.appium.java_client.AppiumDriver.startSession(AppiumDriver.java:270)
at org.openqa.selenium.remote.RemoteWebDriver.<init>(RemoteWebDriver.java:174)
at io.appium.java_client.AppiumDriver.<init>(AppiumDriver.java:91)
at io.appium.java_client.AppiumDriver.<init>(AppiumDriver.java:103)
at io.appium.java_client.android.AndroidDriver.<init>(AndroidDriver.java:109)
at org.meto.appium.base.TestBase.setupg(TestBase.java:92)
... Removed 19 stack frames]]>
    </failure>
  </testcase> <!-- @BeforeSuite setupg -->
  <testcase classname="org.meto.appium.tests.TFContractsix" name="@BeforeMethod beforeMethod" time="-1.725922300857E9">
    <skipped/>
  </testcase> <!-- @BeforeMethod beforeMethod -->
  <testcase classname="org.meto.appium.tests.TFContractsix" name="TestContractsix" time="0.0">
    <skipped/>
  </testcase> <!-- TestContractsix -->
</testsuite> <!-- Contract six Test -->
