<?xml version="1.0" encoding="UTF-8"?>
<!-- Generated by org.testng.reporters.JUnitXMLReporter -->
<testsuite ignored="0" hostname="PERU-METO" failures="0" tests="1" name="Customer five Test" time="0.003" errors="0" timestamp="2024-09-09T17:51:40 COT">
  <testcase classname="org.meto.appium.tests.TFCustomerfive" name="@BeforeMethod beforeMethod" time="-1.725922300481E9">
    <skipped/>
  </testcase> <!-- @BeforeMethod beforeMethod -->
  <testcase classname="org.meto.appium.tests.TFCustomerfive" name="Customerfive" time="0.0">
    <skipped/>
  </testcase> <!-- Customerfive -->
</testsuite> <!-- Customer five Test -->
