<?xml version="1.0" encoding="UTF-8"?>
<!-- Generated by org.testng.reporters.JUnitXMLReporter -->
<testsuite ignored="0" hostname="PERU-METO" failures="0" tests="1" name="Customer six Test" time="0.002" errors="0" timestamp="2024-09-09T17:51:40 COT">
  <testcase classname="org.meto.appium.tests.TFCustomersix" name="@BeforeMethod beforeMethod" time="-1.725922300679E9">
    <skipped/>
  </testcase> <!-- @BeforeMethod beforeMethod -->
  <testcase classname="org.meto.appium.tests.TFCustomersix" name="Customersix" time="0.0">
    <skipped/>
  </testcase> <!-- Customersix -->
</testsuite> <!-- Customer six Test -->
