<?xml version="1.0" encoding="UTF-8"?>
<!-- Generated by org.testng.reporters.JUnitXMLReporter -->
<testsuite ignored="0" hostname="PERU-METO" failures="0" tests="1" name="Customer four Test" time="0.005" errors="0" timestamp="2024-09-09T17:51:40 COT">
  <testcase classname="org.meto.appium.tests.TFCustomerfour" name="@BeforeMethod beforeMethod" time="-1.725922300252E9">
    <skipped/>
  </testcase> <!-- @BeforeMethod beforeMethod -->
  <testcase classname="org.meto.appium.tests.TFCustomerfour" name="TestCustomerfour" time="0.0">
    <skipped/>
  </testcase> <!-- TestCustomerfour -->
</testsuite> <!-- Customer four Test -->
