<?xml version="1.0" encoding="UTF-8"?>
<!-- Generated by org.testng.reporters.JUnitXMLReporter -->
<testsuite ignored="0" hostname="PERU-METO" failures="0" tests="1" name="Customer three Test" time="0.002" errors="0" timestamp="2024-09-09T17:51:39 COT">
  <testcase classname="org.meto.appium.tests.TFCustomerthree" name="@BeforeMethod beforeMethod" time="-1.725922299976E9">
    <skipped/>
  </testcase> <!-- @BeforeMethod beforeMethod -->
  <testcase classname="org.meto.appium.tests.TFCustomerthree" name="TestCustomerthree" time="0.0">
    <skipped/>
  </testcase> <!-- TestCustomerthree -->
</testsuite> <!-- Customer three Test -->
