<?xml version="1.0" encoding="UTF-8"?>
<!-- Generated by org.testng.reporters.JUnitXMLReporter -->
<testsuite ignored="0" hostname="PERU-METO" failures="0" tests="1" name="Proposal four Test" time="0.002" errors="0" timestamp="2024-09-09T17:51:40 COT">
  <testcase classname="org.meto.appium.tests.TFProposalfour" name="@BeforeMethod beforeMethod" time="-1.7259223004E9">
    <skipped/>
  </testcase> <!-- @BeforeMethod beforeMethod -->
  <testcase classname="org.meto.appium.tests.TFProposalfour" name="TestProposalfour" time="0.0">
    <skipped/>
  </testcase> <!-- TestProposalfour -->
</testsuite> <!-- Proposal four Test -->
