<?xml version="1.0" encoding="UTF-8"?>
<!-- Generated by org.testng.reporters.JUnitXMLReporter -->
<testsuite ignored="0" hostname="PERU-METO" failures="0" tests="1" name="Proposal two Test" time="0.016" errors="0" timestamp="2024-09-09T17:51:39 COT">
  <testcase classname="org.meto.appium.tests.TFProposaltwo" name="@BeforeMethod beforeMethod" time="-1.725922299881E9">
    <skipped/>
  </testcase> <!-- @BeforeMethod beforeMethod -->
  <testcase classname="org.meto.appium.tests.TFProposaltwo" name="TestProposaltwo" time="0.0">
    <skipped/>
  </testcase> <!-- TestProposaltwo -->
</testsuite> <!-- Proposal two Test -->
